<?xml version="1.0" encoding="UTF-8"?>
<!-- Generated by org.testng.reporters.JUnitReportReporter -->
<testsuite hostname="DESKTOP-KSK1CVA" failures="0" tests="1" name="practice.WebTable" time="11.614" errors="0" timestamp="2021-11-09T15:34:27 IST" skipped="0">
  <testcase classname="practice.WebTable" name="createOrg" time="11.614"/>
  <system-out/>
</testsuite> <!-- practice.WebTable -->
