<?xml version="1.0" encoding="UTF-8"?>
<!-- Generated by org.testng.reporters.JUnitReportReporter -->
<testsuite hostname="DESKTOP-KSK1CVA" failures="0" tests="1" name="com_vtiger.com_createOrg_xml" time="68.088" errors="0" timestamp="2021-10-28T22:44:59 IST" skipped="0">
  <testcase classname="com_vtiger.com_createOrg_xml" name="sample" time="68.088"/>
  <system-out/>
</testsuite> <!-- com_vtiger.com_createOrg_xml -->
