<?xml version="1.0" encoding="UTF-8"?>
<!-- Generated by org.testng.reporters.JUnitReportReporter -->
<testsuite hostname="DESKTOP-KSK1CVA" failures="0" tests="1" name="com_pom_vtiger.CreateContactWithOrgTest" time="37.747" errors="0" timestamp="2021-11-07T23:11:08 IST" skipped="0">
  <testcase classname="com_pom_vtiger.CreateContactWithOrgTest" name="createContact" time="37.747"/>
  <system-out/>
</testsuite> <!-- com_pom_vtiger.CreateContactWithOrgTest -->
