<?xml version="1.0" encoding="UTF-8"?>
<!-- Generated by org.testng.reporters.JUnitReportReporter -->
<testsuite hostname="DESKTOP-KSK1CVA" failures="0" tests="1" name="practice.MakeMyTrip" time="46.121" errors="0" timestamp="2021-11-09T14:48:36 IST" skipped="0">
  <testcase classname="practice.MakeMyTrip" name="bookticket" time="46.121"/>
  <system-out/>
</testsuite> <!-- practice.MakeMyTrip -->
